<?xml version="1.0" encoding="UTF-8"?>
<!-- Generated by org.testng.reporters.JUnitReportReporter -->
<testsuite hostname="DESKTOP-3PM5V2A" name="testCases.DeleteAllContactsTest" tests="2" failures="0" timestamp="25 Jul 2019 14:00:15 GMT" time="72.261" errors="0">
  <testcase name="selectCheckBox2" time="40.065" classname="testCases.DeleteAllContactsTest"/>
  <testcase name="selectCheckBox1" time="32.196" classname="testCases.DeleteAllContactsTest"/>
</testsuite> <!-- testCases.DeleteAllContactsTest -->
