<?xml version="1.0" encoding="UTF-8"?>
<!-- Generated by org.testng.reporters.JUnitReportReporter -->
<testsuite hostname="DESKTOP-3PM5V2A" name="testCases.ContactFormPageTest" tests="12" failures="0" timestamp="25 Jul 2019 06:46:42 GMT" time="321.361" errors="0">
  <testcase name="createNewContact" time="23.912" classname="testCases.ContactFormPageTest"/>
  <testcase name="createNewContact" time="28.609" classname="testCases.ContactFormPageTest"/>
  <testcase name="createNewContact" time="25.628" classname="testCases.ContactFormPageTest"/>
  <testcase name="createNewContact" time="25.696" classname="testCases.ContactFormPageTest"/>
  <testcase name="createNewContact" time="25.337" classname="testCases.ContactFormPageTest"/>
  <testcase name="createNewContact" time="25.172" classname="testCases.ContactFormPageTest"/>
  <testcase name="createNewContact" time="25.760" classname="testCases.ContactFormPageTest"/>
  <testcase name="createNewContact" time="25.727" classname="testCases.ContactFormPageTest"/>
  <testcase name="createNewContact" time="32.142" classname="testCases.ContactFormPageTest"/>
  <testcase name="createNewContact" time="28.331" classname="testCases.ContactFormPageTest"/>
  <testcase name="createNewContact" time="26.996" classname="testCases.ContactFormPageTest"/>
  <testcase name="createNewContact" time="28.051" classname="testCases.ContactFormPageTest"/>
</testsuite> <!-- testCases.ContactFormPageTest -->
