<?xml version="1.0" encoding="UTF-8"?>
<!-- Generated by org.testng.reporters.JUnitReportReporter -->
<testsuite hostname="DESKTOP-3PM5V2A" name="testCases.ContactsPageTest" tests="1" failures="0" timestamp="23 Jul 2019 13:23:07 GMT" time="23.128" errors="0">
  <testcase name="newBtn_click" time="23.128" classname="testCases.ContactsPageTest"/>
</testsuite> <!-- testCases.ContactsPageTest -->
