<?xml version="1.0" encoding="UTF-8"?>
<!-- Generated by org.testng.reporters.JUnitReportReporter -->
<testsuite hostname="DESKTOP-3PM5V2A" name="testCases.LoginPageTest" tests="1" failures="0" timestamp="23 Jul 2019 13:23:07 GMT" time="24.915" errors="0">
  <testcase name="login" time="24.915" classname="testCases.LoginPageTest"/>
</testsuite> <!-- testCases.LoginPageTest -->
